<?xml version="1.0" encoding="UTF-8"?>
<!-- Generated by org.testng.reporters.JUnitReportReporter -->
<testsuite hostname="BoseFamily" failures="0" tests="1" name="driverFactory.DriverScript" time="11.812" errors="0" timestamp="2023-09-06T21:43:55 IST" skipped="0">
  <testcase classname="driverFactory.DriverScript" name="startTest" time="11.812">
    <system-out>
      <![CDATA[No.of rows in Login Sheet:9
Login success:dashboard   http://orangehrm.qedgetech.com/symfony/web/index.php/dashboard
Login failed:dashboard   http://orangehrm.qedgetech.com/symfony/web/index.php/auth/validateCredentials
Login failed:dashboard   http://orangehrm.qedgetech.com/symfony/web/index.php/auth/validateCredentials
Login failed:dashboard   http://orangehrm.qedgetech.com/symfony/web/index.php/auth/login
Login success:dashboard   http://orangehrm.qedgetech.com/symfony/web/index.php/dashboard
Login failed:dashboard   http://orangehrm.qedgetech.com/symfony/web/index.php/auth/login
Login success:dashboard   http://orangehrm.qedgetech.com/symfony/web/index.php/dashboard
Login failed:dashboard   http://orangehrm.qedgetech.com/symfony/web/index.php/auth/login
Login success:dashboard   http://orangehrm.qedgetech.com/symfony/web/index.php/dashboard]]>
    </system-out>
  </testcase> <!-- startTest -->
  <system-out>
    <![CDATA[No.of rows in Login Sheet:9
Login success:dashboard   http://orangehrm.qedgetech.com/symfony/web/index.php/dashboard
Login failed:dashboard   http://orangehrm.qedgetech.com/symfony/web/index.php/auth/validateCredentials
Login failed:dashboard   http://orangehrm.qedgetech.com/symfony/web/index.php/auth/validateCredentials
Login failed:dashboard   http://orangehrm.qedgetech.com/symfony/web/index.php/auth/login
Login success:dashboard   http://orangehrm.qedgetech.com/symfony/web/index.php/dashboard
Login failed:dashboard   http://orangehrm.qedgetech.com/symfony/web/index.php/auth/login
Login success:dashboard   http://orangehrm.qedgetech.com/symfony/web/index.php/dashboard
Login failed:dashboard   http://orangehrm.qedgetech.com/symfony/web/index.php/auth/login
Login success:dashboard   http://orangehrm.qedgetech.com/symfony/web/index.php/dashboard]]>
  </system-out>
</testsuite> <!-- driverFactory.DriverScript -->
